[0.012s] Invoking command in '/home/protyush/uav_ws/build/uav_description': CMAKE_PREFIX_PATH=${CMAKE_PREFIX_PATH}:/opt/ros/humble /usr/bin/cmake --build /home/protyush/uav_ws/build/uav_description -- -j96 -l96
[0.093s] Invoked command in '/home/protyush/uav_ws/build/uav_description' returned '0': CMAKE_PREFIX_PATH=${CMAKE_PREFIX_PATH}:/opt/ros/humble /usr/bin/cmake --build /home/protyush/uav_ws/build/uav_description -- -j96 -l96
[0.113s] Invoking command in '/home/protyush/uav_ws/build/uav_description': CMAKE_PREFIX_PATH=${CMAKE_PREFIX_PATH}:/opt/ros/humble /usr/bin/cmake --install /home/protyush/uav_ws/build/uav_description
[0.122s] -- Install configuration: ""
[0.122s] -- Up-to-date: /home/protyush/uav_ws/install/uav_description/share/ament_index/resource_index/package_run_dependencies/uav_description
[0.122s] -- Up-to-date: /home/protyush/uav_ws/install/uav_description/share/ament_index/resource_index/parent_prefix_path/uav_description
[0.122s] -- Up-to-date: /home/protyush/uav_ws/install/uav_description/share/uav_description/environment/ament_prefix_path.sh
[0.123s] -- Up-to-date: /home/protyush/uav_ws/install/uav_description/share/uav_description/environment/ament_prefix_path.dsv
[0.123s] -- Up-to-date: /home/protyush/uav_ws/install/uav_description/share/uav_description/environment/path.sh
[0.123s] -- Up-to-date: /home/protyush/uav_ws/install/uav_description/share/uav_description/environment/path.dsv
[0.123s] -- Up-to-date: /home/protyush/uav_ws/install/uav_description/share/uav_description/local_setup.bash
[0.123s] -- Up-to-date: /home/protyush/uav_ws/install/uav_description/share/uav_description/local_setup.sh
[0.123s] -- Up-to-date: /home/protyush/uav_ws/install/uav_description/share/uav_description/local_setup.zsh
[0.123s] -- Up-to-date: /home/protyush/uav_ws/install/uav_description/share/uav_description/local_setup.dsv
[0.123s] -- Up-to-date: /home/protyush/uav_ws/install/uav_description/share/uav_description/package.dsv
[0.123s] -- Up-to-date: /home/protyush/uav_ws/install/uav_description/share/ament_index/resource_index/packages/uav_description
[0.123s] -- Up-to-date: /home/protyush/uav_ws/install/uav_description/share/uav_description/cmake/uav_descriptionConfig.cmake
[0.123s] -- Up-to-date: /home/protyush/uav_ws/install/uav_description/share/uav_description/cmake/uav_descriptionConfig-version.cmake
[0.123s] -- Up-to-date: /home/protyush/uav_ws/install/uav_description/share/uav_description/package.xml
[0.125s] Invoked command in '/home/protyush/uav_ws/build/uav_description' returned '0': CMAKE_PREFIX_PATH=${CMAKE_PREFIX_PATH}:/opt/ros/humble /usr/bin/cmake --install /home/protyush/uav_ws/build/uav_description
