[0.084s] DEBUG:colcon:Command line arguments: ['/usr/bin/colcon', 'build']
[0.085s] DEBUG:colcon:Parsed command line arguments: Namespace(log_base=None, log_level=None, verb_name='build', build_base='build', install_base='install', merge_install=False, symlink_install=False, test_result_base=None, continue_on_error=False, executor='parallel', parallel_workers=96, event_handlers=None, ignore_user_meta=False, metas=['./colcon.meta'], base_paths=['.'], packages_ignore=None, packages_ignore_regex=None, paths=None, packages_up_to=None, packages_up_to_regex=None, packages_above=None, packages_above_and_dependencies=None, packages_above_depth=None, packages_select_by_dep=None, packages_skip_by_dep=None, packages_skip_up_to=None, packages_select_build_failed=False, packages_skip_build_finished=False, packages_select_test_failures=False, packages_skip_test_passed=False, packages_select=None, packages_skip=None, packages_select_regex=None, packages_skip_regex=None, packages_start=None, packages_end=None, allow_overriding=[], cmake_args=None, cmake_target=None, cmake_target_skip_unavailable=False, cmake_clean_cache=False, cmake_clean_first=False, cmake_force_configure=False, ament_cmake_args=None, catkin_cmake_args=None, catkin_skip_building_tests=False, verb_parser=<colcon_defaults.argument_parser.defaults.DefaultArgumentsDecorator object at 0x7a508551bbb0>, verb_extension=<colcon_core.verb.build.BuildVerb object at 0x7a508551ab90>, main=<bound method BuildVerb.main of <colcon_core.verb.build.BuildVerb object at 0x7a508551ab90>>)
[0.216s] Level 1:colcon.colcon_core.package_discovery:discover_packages(colcon_meta) check parameters
[0.216s] Level 1:colcon.colcon_core.package_discovery:discover_packages(recursive) check parameters
[0.216s] Level 1:colcon.colcon_core.package_discovery:discover_packages(ignore) check parameters
[0.216s] Level 1:colcon.colcon_core.package_discovery:discover_packages(path) check parameters
[0.216s] Level 1:colcon.colcon_core.package_discovery:discover_packages(colcon_meta) discover
[0.216s] Level 1:colcon.colcon_core.package_discovery:discover_packages(recursive) discover
[0.216s] INFO:colcon.colcon_core.package_discovery:Crawling recursively for packages in '/home/protyush/uav_ws/src/uav_description'
[0.216s] Level 1:colcon.colcon_core.package_identification:_identify(.) by extensions ['ignore', 'ignore_ament_install']
[0.216s] Level 1:colcon.colcon_core.package_identification:_identify(.) by extension 'ignore'
[0.216s] Level 1:colcon.colcon_core.package_identification:_identify(.) by extension 'ignore_ament_install'
[0.216s] Level 1:colcon.colcon_core.package_identification:_identify(.) by extensions ['colcon_pkg']
[0.216s] Level 1:colcon.colcon_core.package_identification:_identify(.) by extension 'colcon_pkg'
[0.216s] Level 1:colcon.colcon_core.package_identification:_identify(.) by extensions ['colcon_meta']
[0.216s] Level 1:colcon.colcon_core.package_identification:_identify(.) by extension 'colcon_meta'
[0.216s] Level 1:colcon.colcon_core.package_identification:_identify(.) by extensions ['ros']
[0.216s] Level 1:colcon.colcon_core.package_identification:_identify(.) by extension 'ros'
[0.227s] DEBUG:colcon.colcon_core.package_identification:Package '.' with type 'ros.ament_cmake' and name 'uav_description'
[0.227s] Level 1:colcon.colcon_core.package_discovery:discover_packages(recursive) using defaults
[0.227s] Level 1:colcon.colcon_core.package_discovery:discover_packages(ignore) discover
[0.227s] Level 1:colcon.colcon_core.package_discovery:discover_packages(ignore) using defaults
[0.227s] Level 1:colcon.colcon_core.package_discovery:discover_packages(path) discover
[0.227s] Level 1:colcon.colcon_core.package_discovery:discover_packages(path) using defaults
[0.252s] Level 1:colcon.colcon_core.package_discovery:discover_packages(prefix_path) check parameters
[0.252s] Level 1:colcon.colcon_core.package_discovery:discover_packages(prefix_path) discover
[0.254s] DEBUG:colcon.colcon_installed_package_information.package_discovery:Found 1 installed packages in /home/protyush/uav_ws/install
[0.255s] DEBUG:colcon.colcon_installed_package_information.package_discovery:Found 279 installed packages in /opt/ros/humble
[0.256s] Level 1:colcon.colcon_core.package_discovery:discover_packages(prefix_path) using defaults
[0.287s] Level 5:colcon.colcon_core.verb:set package 'uav_description' build argument 'cmake_args' from command line to 'None'
[0.287s] Level 5:colcon.colcon_core.verb:set package 'uav_description' build argument 'cmake_target' from command line to 'None'
[0.287s] Level 5:colcon.colcon_core.verb:set package 'uav_description' build argument 'cmake_target_skip_unavailable' from command line to 'False'
[0.287s] Level 5:colcon.colcon_core.verb:set package 'uav_description' build argument 'cmake_clean_cache' from command line to 'False'
[0.287s] Level 5:colcon.colcon_core.verb:set package 'uav_description' build argument 'cmake_clean_first' from command line to 'False'
[0.287s] Level 5:colcon.colcon_core.verb:set package 'uav_description' build argument 'cmake_force_configure' from command line to 'False'
[0.287s] Level 5:colcon.colcon_core.verb:set package 'uav_description' build argument 'ament_cmake_args' from command line to 'None'
[0.287s] Level 5:colcon.colcon_core.verb:set package 'uav_description' build argument 'catkin_cmake_args' from command line to 'None'
[0.287s] Level 5:colcon.colcon_core.verb:set package 'uav_description' build argument 'catkin_skip_building_tests' from command line to 'False'
[0.287s] DEBUG:colcon.colcon_core.verb:Building package 'uav_description' with the following arguments: {'ament_cmake_args': None, 'build_base': '/home/protyush/uav_ws/src/uav_description/build/uav_description', 'catkin_cmake_args': None, 'catkin_skip_building_tests': False, 'cmake_args': None, 'cmake_clean_cache': False, 'cmake_clean_first': False, 'cmake_force_configure': False, 'cmake_target': None, 'cmake_target_skip_unavailable': False, 'install_base': '/home/protyush/uav_ws/src/uav_description/install/uav_description', 'merge_install': False, 'path': '/home/protyush/uav_ws/src/uav_description', 'symlink_install': False, 'test_result_base': None}
[0.287s] INFO:colcon.colcon_core.executor:Executing jobs using 'parallel' executor
[0.288s] DEBUG:colcon.colcon_parallel_executor.executor.parallel:run_until_complete
[0.289s] INFO:colcon.colcon_ros.task.ament_cmake.build:Building ROS package in '/home/protyush/uav_ws/src/uav_description' with build type 'ament_cmake'
[0.289s] INFO:colcon.colcon_cmake.task.cmake.build:Building CMake package in '/home/protyush/uav_ws/src/uav_description'
[0.291s] INFO:colcon.colcon_core.plugin_system:Skipping extension 'colcon_core.shell.bat': Not used on non-Windows systems
[0.291s] INFO:colcon.colcon_core.shell:Skip shell extension 'powershell' for command environment: Not usable outside of PowerShell
[0.291s] DEBUG:colcon.colcon_core.shell:Skip shell extension 'dsv' for command environment
[0.301s] DEBUG:colcon.colcon_core.event_handler.log_command:Invoking command in '/home/protyush/uav_ws/src/uav_description/build/uav_description': CMAKE_PREFIX_PATH=${CMAKE_PREFIX_PATH}:/opt/ros/humble /usr/bin/cmake /home/protyush/uav_ws/src/uav_description -DCMAKE_INSTALL_PREFIX=/home/protyush/uav_ws/src/uav_description/install/uav_description
[1.439s] DEBUG:colcon.colcon_core.event_handler.log_command:Invoked command in '/home/protyush/uav_ws/src/uav_description/build/uav_description' returned '0': CMAKE_PREFIX_PATH=${CMAKE_PREFIX_PATH}:/opt/ros/humble /usr/bin/cmake /home/protyush/uav_ws/src/uav_description -DCMAKE_INSTALL_PREFIX=/home/protyush/uav_ws/src/uav_description/install/uav_description
[1.441s] DEBUG:colcon.colcon_core.event_handler.log_command:Invoking command in '/home/protyush/uav_ws/src/uav_description/build/uav_description': CMAKE_PREFIX_PATH=${CMAKE_PREFIX_PATH}:/opt/ros/humble /usr/bin/cmake --build /home/protyush/uav_ws/src/uav_description/build/uav_description -- -j96 -l96
[1.524s] DEBUG:colcon.colcon_core.event_handler.log_command:Invoked command in '/home/protyush/uav_ws/src/uav_description/build/uav_description' returned '0': CMAKE_PREFIX_PATH=${CMAKE_PREFIX_PATH}:/opt/ros/humble /usr/bin/cmake --build /home/protyush/uav_ws/src/uav_description/build/uav_description -- -j96 -l96
[1.544s] DEBUG:colcon.colcon_core.event_handler.log_command:Invoking command in '/home/protyush/uav_ws/src/uav_description/build/uav_description': CMAKE_PREFIX_PATH=${CMAKE_PREFIX_PATH}:/opt/ros/humble /usr/bin/cmake --install /home/protyush/uav_ws/src/uav_description/build/uav_description
[1.570s] Level 1:colcon.colcon_core.environment:create_environment_scripts_only(uav_description)
[1.571s] DEBUG:colcon.colcon_core.event_handler.log_command:Invoked command in '/home/protyush/uav_ws/src/uav_description/build/uav_description' returned '0': CMAKE_PREFIX_PATH=${CMAKE_PREFIX_PATH}:/opt/ros/humble /usr/bin/cmake --install /home/protyush/uav_ws/src/uav_description/build/uav_description
[1.574s] Level 1:colcon.colcon_core.environment:checking '/home/protyush/uav_ws/src/uav_description/install/uav_description' for CMake module files
[1.575s] Level 1:colcon.colcon_core.environment:checking '/home/protyush/uav_ws/src/uav_description/install/uav_description' for CMake config files
[1.575s] Level 1:colcon.colcon_core.shell:create_environment_hook('uav_description', 'cmake_prefix_path')
[1.576s] INFO:colcon.colcon_core.shell:Creating environment hook '/home/protyush/uav_ws/src/uav_description/install/uav_description/share/uav_description/hook/cmake_prefix_path.ps1'
[1.577s] INFO:colcon.colcon_core.shell:Creating environment descriptor '/home/protyush/uav_ws/src/uav_description/install/uav_description/share/uav_description/hook/cmake_prefix_path.dsv'
[1.577s] INFO:colcon.colcon_core.shell:Creating environment hook '/home/protyush/uav_ws/src/uav_description/install/uav_description/share/uav_description/hook/cmake_prefix_path.sh'
[1.579s] Level 1:colcon.colcon_core.environment:checking '/home/protyush/uav_ws/src/uav_description/install/uav_description/bin'
[1.580s] Level 1:colcon.colcon_core.environment:checking '/home/protyush/uav_ws/src/uav_description/install/uav_description/lib/pkgconfig/uav_description.pc'
[1.580s] Level 1:colcon.colcon_core.environment:checking '/home/protyush/uav_ws/src/uav_description/install/uav_description/lib/python3.10/site-packages'
[1.581s] Level 1:colcon.colcon_core.environment:checking '/home/protyush/uav_ws/src/uav_description/install/uav_description/bin'
[1.581s] INFO:colcon.colcon_core.shell:Creating package script '/home/protyush/uav_ws/src/uav_description/install/uav_description/share/uav_description/package.ps1'
[1.582s] INFO:colcon.colcon_core.shell:Creating package descriptor '/home/protyush/uav_ws/src/uav_description/install/uav_description/share/uav_description/package.dsv'
[1.583s] INFO:colcon.colcon_core.shell:Creating package script '/home/protyush/uav_ws/src/uav_description/install/uav_description/share/uav_description/package.sh'
[1.584s] INFO:colcon.colcon_core.shell:Creating package script '/home/protyush/uav_ws/src/uav_description/install/uav_description/share/uav_description/package.bash'
[1.585s] INFO:colcon.colcon_core.shell:Creating package script '/home/protyush/uav_ws/src/uav_description/install/uav_description/share/uav_description/package.zsh'
[1.586s] Level 1:colcon.colcon_core.environment:create_file_with_runtime_dependencies(/home/protyush/uav_ws/src/uav_description/install/uav_description/share/colcon-core/packages/uav_description)
[1.587s] Level 1:colcon.colcon_core.environment:create_environment_scripts_only(uav_description)
[1.587s] Level 1:colcon.colcon_core.environment:checking '/home/protyush/uav_ws/src/uav_description/install/uav_description' for CMake module files
[1.588s] Level 1:colcon.colcon_core.environment:checking '/home/protyush/uav_ws/src/uav_description/install/uav_description' for CMake config files
[1.589s] Level 1:colcon.colcon_core.shell:create_environment_hook('uav_description', 'cmake_prefix_path')
[1.589s] INFO:colcon.colcon_core.shell:Creating environment hook '/home/protyush/uav_ws/src/uav_description/install/uav_description/share/uav_description/hook/cmake_prefix_path.ps1'
[1.590s] INFO:colcon.colcon_core.shell:Creating environment descriptor '/home/protyush/uav_ws/src/uav_description/install/uav_description/share/uav_description/hook/cmake_prefix_path.dsv'
[1.590s] INFO:colcon.colcon_core.shell:Creating environment hook '/home/protyush/uav_ws/src/uav_description/install/uav_description/share/uav_description/hook/cmake_prefix_path.sh'
[1.591s] Level 1:colcon.colcon_core.environment:checking '/home/protyush/uav_ws/src/uav_description/install/uav_description/bin'
[1.591s] Level 1:colcon.colcon_core.environment:checking '/home/protyush/uav_ws/src/uav_description/install/uav_description/lib/pkgconfig/uav_description.pc'
[1.592s] Level 1:colcon.colcon_core.environment:checking '/home/protyush/uav_ws/src/uav_description/install/uav_description/lib/python3.10/site-packages'
[1.592s] Level 1:colcon.colcon_core.environment:checking '/home/protyush/uav_ws/src/uav_description/install/uav_description/bin'
[1.593s] INFO:colcon.colcon_core.shell:Creating package script '/home/protyush/uav_ws/src/uav_description/install/uav_description/share/uav_description/package.ps1'
[1.594s] INFO:colcon.colcon_core.shell:Creating package descriptor '/home/protyush/uav_ws/src/uav_description/install/uav_description/share/uav_description/package.dsv'
[1.594s] INFO:colcon.colcon_core.shell:Creating package script '/home/protyush/uav_ws/src/uav_description/install/uav_description/share/uav_description/package.sh'
[1.595s] INFO:colcon.colcon_core.shell:Creating package script '/home/protyush/uav_ws/src/uav_description/install/uav_description/share/uav_description/package.bash'
[1.596s] INFO:colcon.colcon_core.shell:Creating package script '/home/protyush/uav_ws/src/uav_description/install/uav_description/share/uav_description/package.zsh'
[1.596s] Level 1:colcon.colcon_core.environment:create_file_with_runtime_dependencies(/home/protyush/uav_ws/src/uav_description/install/uav_description/share/colcon-core/packages/uav_description)
[1.597s] DEBUG:colcon.colcon_parallel_executor.executor.parallel:closing loop
[1.597s] DEBUG:colcon.colcon_parallel_executor.executor.parallel:loop closed
[1.597s] DEBUG:colcon.colcon_parallel_executor.executor.parallel:run_until_complete finished with '0'
[1.597s] DEBUG:colcon.colcon_core.event_reactor:joining thread
[1.607s] INFO:colcon.colcon_core.plugin_system:Skipping extension 'colcon_notification.desktop_notification.terminal_notifier': Not used on non-Darwin systems
[1.607s] INFO:colcon.colcon_core.plugin_system:Skipping extension 'colcon_notification.desktop_notification.win32': Not used on non-Windows systems
[1.607s] INFO:colcon.colcon_notification.desktop_notification:Sending desktop notification using 'notify2'
[1.609s] DEBUG:colcon.colcon_notification.desktop_notification.notify2:Failed to initialize notify2: org.freedesktop.DBus.Error.ServiceUnknown: The name org.freedesktop.Notifications was not provided by any .service files
[1.609s] DEBUG:colcon.colcon_core.event_reactor:joined thread
[1.610s] INFO:colcon.colcon_core.shell:Creating prefix script '/home/protyush/uav_ws/src/uav_description/install/local_setup.ps1'
[1.611s] INFO:colcon.colcon_core.shell:Creating prefix util module '/home/protyush/uav_ws/src/uav_description/install/_local_setup_util_ps1.py'
[1.613s] INFO:colcon.colcon_core.shell:Creating prefix chain script '/home/protyush/uav_ws/src/uav_description/install/setup.ps1'
[1.615s] INFO:colcon.colcon_core.shell:Creating prefix script '/home/protyush/uav_ws/src/uav_description/install/local_setup.sh'
[1.616s] INFO:colcon.colcon_core.shell:Creating prefix util module '/home/protyush/uav_ws/src/uav_description/install/_local_setup_util_sh.py'
[1.617s] INFO:colcon.colcon_core.shell:Creating prefix chain script '/home/protyush/uav_ws/src/uav_description/install/setup.sh'
[1.619s] INFO:colcon.colcon_core.shell:Creating prefix script '/home/protyush/uav_ws/src/uav_description/install/local_setup.bash'
[1.619s] INFO:colcon.colcon_core.shell:Creating prefix chain script '/home/protyush/uav_ws/src/uav_description/install/setup.bash'
[1.621s] INFO:colcon.colcon_core.shell:Creating prefix script '/home/protyush/uav_ws/src/uav_description/install/local_setup.zsh'
[1.622s] INFO:colcon.colcon_core.shell:Creating prefix chain script '/home/protyush/uav_ws/src/uav_description/install/setup.zsh'
