[0.013s] Invoking command in '/home/protyush/uav_ws/build/uav_description': CMAKE_PREFIX_PATH=/opt/ros/humble /usr/bin/cmake /home/protyush/uav_ws/src/uav_description -DCMAKE_INSTALL_PREFIX=/home/protyush/uav_ws/install/uav_description
[0.135s] -- The C compiler identification is GNU 11.4.0
[0.261s] -- The CXX compiler identification is GNU 11.4.0
[0.275s] -- Detecting C compiler ABI info
[0.416s] -- Detecting C compiler ABI info - done
[0.428s] -- Check for working C compiler: /usr/bin/cc - skipped
[0.430s] -- Detecting C compile features
[0.431s] -- Detecting C compile features - done
[0.438s] -- Detecting CXX compiler ABI info
[0.601s] -- Detecting CXX compiler ABI info - done
[0.614s] -- Check for working CXX compiler: /usr/bin/c++ - skipped
[0.615s] -- Detecting CXX compile features
[0.615s] -- Detecting CXX compile features - done
[0.620s] -- Found ament_cmake: 1.3.12 (/opt/ros/humble/share/ament_cmake/cmake)
[0.902s] -- Found Python3: /usr/bin/python3 (found version "3.10.12") found components: Interpreter 
[1.042s] -- Found ament_lint_auto: 0.12.14 (/opt/ros/humble/share/ament_lint_auto/cmake)
[1.154s] -- Added test 'lint_cmake' to check CMake code style
[1.157s] -- Added test 'xmllint' to check XML markup files
[1.159s] -- Configuring done
[1.165s] -- Generating done
[1.169s] -- Build files have been written to: /home/protyush/uav_ws/build/uav_description
[1.177s] Invoked command in '/home/protyush/uav_ws/build/uav_description' returned '0': CMAKE_PREFIX_PATH=/opt/ros/humble /usr/bin/cmake /home/protyush/uav_ws/src/uav_description -DCMAKE_INSTALL_PREFIX=/home/protyush/uav_ws/install/uav_description
[1.180s] Invoking command in '/home/protyush/uav_ws/build/uav_description': CMAKE_PREFIX_PATH=/opt/ros/humble /usr/bin/cmake --build /home/protyush/uav_ws/build/uav_description -- -j96 -l96
[1.262s] Invoked command in '/home/protyush/uav_ws/build/uav_description' returned '0': CMAKE_PREFIX_PATH=/opt/ros/humble /usr/bin/cmake --build /home/protyush/uav_ws/build/uav_description -- -j96 -l96
[1.283s] Invoking command in '/home/protyush/uav_ws/build/uav_description': CMAKE_PREFIX_PATH=/opt/ros/humble /usr/bin/cmake --install /home/protyush/uav_ws/build/uav_description
[1.299s] -- Install configuration: ""
[1.300s] -- Installing: /home/protyush/uav_ws/install/uav_description/share/ament_index/resource_index/package_run_dependencies/uav_description
[1.300s] -- Installing: /home/protyush/uav_ws/install/uav_description/share/ament_index/resource_index/parent_prefix_path/uav_description
[1.301s] -- Installing: /home/protyush/uav_ws/install/uav_description/share/uav_description/environment/ament_prefix_path.sh
[1.301s] -- Installing: /home/protyush/uav_ws/install/uav_description/share/uav_description/environment/ament_prefix_path.dsv
[1.301s] -- Installing: /home/protyush/uav_ws/install/uav_description/share/uav_description/environment/path.sh
[1.302s] -- Installing: /home/protyush/uav_ws/install/uav_description/share/uav_description/environment/path.dsv
[1.302s] -- Installing: /home/protyush/uav_ws/install/uav_description/share/uav_description/local_setup.bash
[1.302s] -- Installing: /home/protyush/uav_ws/install/uav_description/share/uav_description/local_setup.sh
[1.303s] -- Installing: /home/protyush/uav_ws/install/uav_description/share/uav_description/local_setup.zsh
[1.303s] -- Installing: /home/protyush/uav_ws/install/uav_description/share/uav_description/local_setup.dsv
[1.303s] -- Installing: /home/protyush/uav_ws/install/uav_description/share/uav_description/package.dsv
[1.304s] -- Installing: /home/protyush/uav_ws/install/uav_description/share/ament_index/resource_index/packages/uav_description
[1.304s] -- Installing: /home/protyush/uav_ws/install/uav_description/share/uav_description/cmake/uav_descriptionConfig.cmake
[1.304s] -- Installing: /home/protyush/uav_ws/install/uav_description/share/uav_description/cmake/uav_descriptionConfig-version.cmake
[1.305s] -- Installing: /home/protyush/uav_ws/install/uav_description/share/uav_description/package.xml
[1.309s] Invoked command in '/home/protyush/uav_ws/build/uav_description' returned '0': CMAKE_PREFIX_PATH=/opt/ros/humble /usr/bin/cmake --install /home/protyush/uav_ws/build/uav_description
