[0.012s] Invoking command in '/home/protyush/uav_ws/src/uav_description/build/uav_description': CMAKE_PREFIX_PATH=${CMAKE_PREFIX_PATH}:/opt/ros/humble /usr/bin/cmake /home/protyush/uav_ws/src/uav_description -DCMAKE_INSTALL_PREFIX=/home/protyush/uav_ws/src/uav_description/install/uav_description
[0.121s] -- The C compiler identification is GNU 11.4.0
[0.233s] -- The CXX compiler identification is GNU 11.4.0
[0.248s] -- Detecting C compiler ABI info
[0.391s] -- Detecting C compiler ABI info - done
[0.404s] -- Check for working C compiler: /usr/bin/cc - skipped
[0.404s] -- Detecting C compile features
[0.405s] -- Detecting C compile features - done
[0.410s] -- Detecting CXX compiler ABI info
[0.574s] -- Detecting CXX compiler ABI info - done
[0.588s] -- Check for working CXX compiler: /usr/bin/c++ - skipped
[0.589s] -- Detecting CXX compile features
[0.590s] -- Detecting CXX compile features - done
[0.595s] -- Found ament_cmake: 1.3.12 (/opt/ros/humble/share/ament_cmake/cmake)
[0.851s] -- Found Python3: /usr/bin/python3 (found version "3.10.12") found components: Interpreter 
[0.983s] -- Found ament_lint_auto: 0.12.14 (/opt/ros/humble/share/ament_lint_auto/cmake)
[1.108s] -- Added test 'cppcheck' to perform static code analysis on C / C++ code
[1.108s] -- Configured cppcheck include dirs: 
[1.108s] -- Configured cppcheck exclude dirs and/or files: 
[1.114s] -- Added test 'lint_cmake' to check CMake code style
[1.131s] -- Added test 'uncrustify' to check C / C++ code style
[1.131s] -- Configured uncrustify additional arguments: 
[1.134s] -- Added test 'xmllint' to check XML markup files
[1.137s] -- Configuring done
[1.142s] -- Generating done
[1.144s] -- Build files have been written to: /home/protyush/uav_ws/src/uav_description/build/uav_description
[1.149s] Invoked command in '/home/protyush/uav_ws/src/uav_description/build/uav_description' returned '0': CMAKE_PREFIX_PATH=${CMAKE_PREFIX_PATH}:/opt/ros/humble /usr/bin/cmake /home/protyush/uav_ws/src/uav_description -DCMAKE_INSTALL_PREFIX=/home/protyush/uav_ws/src/uav_description/install/uav_description
[1.152s] Invoking command in '/home/protyush/uav_ws/src/uav_description/build/uav_description': CMAKE_PREFIX_PATH=${CMAKE_PREFIX_PATH}:/opt/ros/humble /usr/bin/cmake --build /home/protyush/uav_ws/src/uav_description/build/uav_description -- -j96 -l96
[1.234s] Invoked command in '/home/protyush/uav_ws/src/uav_description/build/uav_description' returned '0': CMAKE_PREFIX_PATH=${CMAKE_PREFIX_PATH}:/opt/ros/humble /usr/bin/cmake --build /home/protyush/uav_ws/src/uav_description/build/uav_description -- -j96 -l96
[1.255s] Invoking command in '/home/protyush/uav_ws/src/uav_description/build/uav_description': CMAKE_PREFIX_PATH=${CMAKE_PREFIX_PATH}:/opt/ros/humble /usr/bin/cmake --install /home/protyush/uav_ws/src/uav_description/build/uav_description
[1.270s] -- Install configuration: ""
[1.272s] -- Installing: /home/protyush/uav_ws/src/uav_description/install/uav_description/share/ament_index/resource_index/package_run_dependencies/uav_description
[1.273s] -- Installing: /home/protyush/uav_ws/src/uav_description/install/uav_description/share/ament_index/resource_index/parent_prefix_path/uav_description
[1.273s] -- Installing: /home/protyush/uav_ws/src/uav_description/install/uav_description/share/uav_description/environment/ament_prefix_path.sh
[1.274s] -- Installing: /home/protyush/uav_ws/src/uav_description/install/uav_description/share/uav_description/environment/ament_prefix_path.dsv
[1.274s] -- Installing: /home/protyush/uav_ws/src/uav_description/install/uav_description/share/uav_description/environment/path.sh
[1.274s] -- Installing: /home/protyush/uav_ws/src/uav_description/install/uav_description/share/uav_description/environment/path.dsv
[1.274s] -- Installing: /home/protyush/uav_ws/src/uav_description/install/uav_description/share/uav_description/local_setup.bash
[1.275s] -- Installing: /home/protyush/uav_ws/src/uav_description/install/uav_description/share/uav_description/local_setup.sh
[1.275s] -- Installing: /home/protyush/uav_ws/src/uav_description/install/uav_description/share/uav_description/local_setup.zsh
[1.275s] -- Installing: /home/protyush/uav_ws/src/uav_description/install/uav_description/share/uav_description/local_setup.dsv
[1.276s] -- Installing: /home/protyush/uav_ws/src/uav_description/install/uav_description/share/uav_description/package.dsv
[1.276s] -- Installing: /home/protyush/uav_ws/src/uav_description/install/uav_description/share/ament_index/resource_index/packages/uav_description
[1.277s] -- Installing: /home/protyush/uav_ws/src/uav_description/install/uav_description/share/uav_description/cmake/uav_descriptionConfig.cmake
[1.277s] -- Installing: /home/protyush/uav_ws/src/uav_description/install/uav_description/share/uav_description/cmake/uav_descriptionConfig-version.cmake
[1.277s] -- Installing: /home/protyush/uav_ws/src/uav_description/install/uav_description/share/uav_description/package.xml
[1.281s] Invoked command in '/home/protyush/uav_ws/src/uav_description/build/uav_description' returned '0': CMAKE_PREFIX_PATH=${CMAKE_PREFIX_PATH}:/opt/ros/humble /usr/bin/cmake --install /home/protyush/uav_ws/src/uav_description/build/uav_description
